0 silly argv {
0 silly argv   _: [ 'version' ],
0 silly argv   lernaVersion: '5.4.3',
0 silly argv   '$0': '/Users/anson/.npm/_npx/d5cad42883f80c04/node_modules/.bin/lerna'
0 silly argv }
1 notice cli v5.4.3
2 verbose rootPath /Users/anson/Projects/lit-js-sdk-v2
3 info current version 0.0.1
4 silly isAnythingCommitted
5 verbose isAnythingCommitted 1
6 silly getCurrentBranch
7 verbose currentBranch main
8 silly remoteBranchExists
9 silly isBehindUpstream
10 silly isBehindUpstream main is behind origin/main by 0 commit(s) and ahead by 0
11 silly hasTags
12 verbose hasTags true
13 silly git-describe.sync "a07de29" => {"refCount":"23","sha":"a07de29","isDirty":false}
14 info Assuming all packages changed
15 verbose updated @litprotocol-dev/constants
16 verbose updated @litprotocol-dev/utils
17 verbose git-describe undefined => "a07de29"
18 silly git-describe parsed => {"refCount":"23","sha":"a07de29","isDirty":false}
19 info execute Skipping releases
20 silly lifecycle No script for "preversion" in "@litprotocol-dev/sdk", continuing
21 silly lifecycle No script for "preversion" in "@litprotocol-dev/constants", continuing
22 silly lifecycle No script for "preversion" in "@litprotocol-dev/utils", continuing
23 silly lifecycle No script for "version" in "@litprotocol-dev/constants", continuing
24 silly lifecycle No script for "version" in "@litprotocol-dev/utils", continuing
25 verbose version Updating root package-lock.json
26 silly lifecycle No script for "version" in "@litprotocol-dev/sdk", continuing
27 silly gitAdd [
27 silly gitAdd   'packages/constants/package.json',
27 silly gitAdd   'packages/utils/package.json',
27 silly gitAdd   'lerna.json',
27 silly gitAdd   'package-lock.json'
27 silly gitAdd ]
28 silly gitCommit v0.0.2
29 verbose git [ 'commit', '-m', 'v0.0.2' ]
30 silly gitTag v0.0.2
31 verbose git [ 'tag', 'v0.0.2', '-m', 'v0.0.2' ]
32 error Error: Command failed with exit code 128: git tag v0.0.2 -m v0.0.2
32 error fatal: tag 'v0.0.2' already exists
32 error     at makeError (/Users/anson/.npm/_npx/d5cad42883f80c04/node_modules/execa/lib/error.js:60:11)
32 error     at handlePromise (/Users/anson/.npm/_npx/d5cad42883f80c04/node_modules/execa/index.js:118:26)
32 error     at processTicksAndRejections (node:internal/process/task_queues:96:5)
32 error     at async Promise.all (index 0)
